Start testing: Mar 15 22:13 UTC
----------------------------------------------------------
1/11 Testing: test_space_time_stack_demangling
1/11 Test: test_space_time_stack_demangling
Command: "/home/runner/work/kokkos-tools/kokkos-tools/build/tests/space-time-stack/test_space_time_stack_demangling"
Directory: /home/runner/work/kokkos-tools/kokkos-tools/build/tests/space-time-stack
"test_space_time_stack_demangling" start time: Mar 15 22:13 UTC
Output:
----------------------------------------------------------
[==========] Running 1 test from 1 test suite.
[----------] Global test environment set-up.
[----------] 1 test from SpaceTimeStackTest
[ RUN      ] SpaceTimeStackTest.demangling
Host process high water mark memory consumption: 4720 kB


BEGIN KOKKOS PROFILING REPORT:
TOTAL TIME: 1.9717e-05 seconds
TOP-DOWN TIME TREE:
<average time> <percent of total time> <percent time in Kokkos> <percent MPI imbalance> <remainder> <kernels per second> <number of calls> <name> [type]
===================
|-> 4.91e-07 sec 2.5% 100.0% 0.0% ------ 1 named kernel [for]
|-> 1.71e-07 sec 0.9% 100.0% 0.0% ------ 1 Tester/Tester::TagUnnamed [for]
|-> 1.50e-07 sec 0.8% 100.0% 0.0% ------ 1 Tester [for]
|-> 1.40e-07 sec 0.7% 100.0% 0.0% ------ 1 named kernel with tag [for]

BOTTOM-UP TIME TREE:
<average time> <percent of total time> <percent time in Kokkos> <percent MPI imbalance> <number of calls> <name> [type]
===================
|-> 4.91e-07 sec 2.5% 100.0% 0.0% ------ 1 named kernel [for]
|-> 1.71e-07 sec 0.9% 100.0% 0.0% ------ 1 Tester/Tester::TagUnnamed [for]
|-> 1.50e-07 sec 0.8% 100.0% 0.0% ------ 1 Tester [for]
|-> 1.40e-07 sec 0.7% 100.0% 0.0% ------ 1 named kernel with tag [for]

KOKKOS HOST SPACE:
===================
MAX MEMORY ALLOCATED: 0.0 kB
ALLOCATIONS AT TIME OF HIGH WATER MARK:

KOKKOS CUDA SPACE:
===================
MAX MEMORY ALLOCATED: 0.0 kB
ALLOCATIONS AT TIME OF HIGH WATER MARK:

KOKKOS HIP SPACE:
===================
MAX MEMORY ALLOCATED: 0.0 kB
ALLOCATIONS AT TIME OF HIGH WATER MARK:

KOKKOS SYCL SPACE:
===================
MAX MEMORY ALLOCATED: 0.0 kB
ALLOCATIONS AT TIME OF HIGH WATER MARK:

KOKKOS OpenMPTarget SPACE:
===================
MAX MEMORY ALLOCATED: 0.0 kB
ALLOCATIONS AT TIME OF HIGH WATER MARK:

END KOKKOS PROFILING REPORT.

[       OK ] SpaceTimeStackTest.demangling (0 ms)
[----------] 1 test from SpaceTimeStackTest (0 ms total)

[----------] Global test environment tear-down
[==========] 1 test from 1 test suite ran. (0 ms total)
[  PASSED  ] 1 test.
<end of output>
Test time =   0.00 sec
----------------------------------------------------------
Test Passed.
"test_space_time_stack_demangling" end time: Mar 15 22:13 UTC
"test_space_time_stack_demangling" time elapsed: 00:00:00
----------------------------------------------------------

2/11 Testing: test_sampling_parfor
2/11 Test: test_sampling_parfor
Command: "/home/runner/work/kokkos-tools/kokkos-tools/build/tests/sampler/test_sampling_parfor"
Directory: /home/runner/work/kokkos-tools/kokkos-tools/build/tests/sampler
"test_sampling_parfor" start time: Mar 15 22:13 UTC
Output:
----------------------------------------------------------
[==========] Running 1 test from 1 test suite.
[----------] Global test environment set-up.
[----------] 1 test from SamplerSkipTest
[ RUN      ] SamplerSkipTest.parfor
KokkosP: Next library to call: /home/runner/work/kokkos-tools/kokkos-tools/build/debugging/kernel-logger/libkp_kernel_logger.so
KokkosP: Loading child library of sampler..
KokkosP: Kernel Logger Library Initialized (sequence is 1, version: 20240906)
KokkosP: Function Status:
KokkosP: begin-parallel-for:      yes
KokkosP: begin-parallel-scan:     yes
KokkosP: begin-parallel-reduce:   yes
KokkosP: end-parallel-for:        yes
KokkosP: end-parallel-scan:       yes
KokkosP: end-parallel-reduce:     yes
KokkosP: Seeding random number generator using clock for random sampling.
KokkosP: Sampling rate set to: 5
KokkosP: Executing parallel-for kernel on device 1 with unique execution identifier 0
KokkosP:     named kernel
KokkosP: Execution of kernel 0 is completed.
KokkosP: Executing parallel-for kernel on device 1 with unique execution identifier 1
KokkosP:     named kernel
KokkosP: Execution of kernel 1 is completed.
KokkosP: Kokkos library finalization called.
KokkosP: sample 6 calling child-begin function...
KokkosP: sample 6 finished with child-begin function.
KokkosP: sample 6 calling child-end function...
KokkosP: sample 6 finished with child-end function.
KokkosP: sample 12 calling child-begin function...
KokkosP: sample 12 finished with child-begin function.
KokkosP: sample 12 calling child-end function...
KokkosP: sample 12 finished with child-end function.

[       OK ] SamplerSkipTest.parfor (0 ms)
[----------] 1 test from SamplerSkipTest (0 ms total)

[----------] Global test environment tear-down
[==========] 1 test from 1 test suite ran. (0 ms total)
[  PASSED  ] 1 test.
<end of output>
Test time =   0.00 sec
----------------------------------------------------------
Test Passed.
"test_sampling_parfor" end time: Mar 15 22:13 UTC
"test_sampling_parfor" time elapsed: 00:00:00
----------------------------------------------------------

3/11 Testing: test_sampling_parscan
3/11 Test: test_sampling_parscan
Command: "/home/runner/work/kokkos-tools/kokkos-tools/build/tests/sampler/test_sampling_parscan"
Directory: /home/runner/work/kokkos-tools/kokkos-tools/build/tests/sampler
"test_sampling_parscan" start time: Mar 15 22:13 UTC
Output:
----------------------------------------------------------
[==========] Running 1 test from 1 test suite.
[----------] Global test environment set-up.
[----------] 1 test from SamplerSkipTest
[ RUN      ] SamplerSkipTest.parscan
KokkosP: Next library to call: /home/runner/work/kokkos-tools/kokkos-tools/build/debugging/kernel-logger/libkp_kernel_logger.so
KokkosP: Loading child library of sampler..
KokkosP: Kernel Logger Library Initialized (sequence is 1, version: 20240906)
KokkosP: Function Status:
KokkosP: begin-parallel-for:      yes
KokkosP: begin-parallel-scan:     yes
KokkosP: begin-parallel-reduce:   yes
KokkosP: end-parallel-for:        yes
KokkosP: end-parallel-scan:       yes
KokkosP: end-parallel-reduce:     yes
KokkosP: Seeding random number generator using clock for random sampling.
KokkosP: Sampling rate set to: 5
KokkosP: Executing parallel-scan kernel on device 1 with unique execution identifier 0
KokkosP:     named kernel scan
KokkosP: Execution of kernel 0 is completed.
KokkosP: Executing parallel-scan kernel on device 1 with unique execution identifier 1
KokkosP:     named kernel scan
KokkosP: Execution of kernel 1 is completed.
KokkosP: Kokkos library finalization called.
KokkosP: sample 6 calling child-begin function...
KokkosP: sample 6 finished with child-begin function.
KokkosP: sample 6 calling child-end function...
KokkosP: sample 6 finished with child-end function.
KokkosP: sample 12 calling child-begin function...
KokkosP: sample 12 finished with child-begin function.
KokkosP: sample 12 calling child-end function...
KokkosP: sample 12 finished with child-end function.

[       OK ] SamplerSkipTest.parscan (0 ms)
[----------] 1 test from SamplerSkipTest (0 ms total)

[----------] Global test environment tear-down
[==========] 1 test from 1 test suite ran. (0 ms total)
[  PASSED  ] 1 test.
<end of output>
Test time =   0.00 sec
----------------------------------------------------------
Test Passed.
"test_sampling_parscan" end time: Mar 15 22:13 UTC
"test_sampling_parscan" time elapsed: 00:00:00
----------------------------------------------------------

4/11 Testing: test_sampling_parreduce
4/11 Test: test_sampling_parreduce
Command: "/home/runner/work/kokkos-tools/kokkos-tools/build/tests/sampler/test_sampling_parreduce"
Directory: /home/runner/work/kokkos-tools/kokkos-tools/build/tests/sampler
"test_sampling_parreduce" start time: Mar 15 22:13 UTC
Output:
----------------------------------------------------------
[==========] Running 1 test from 1 test suite.
[----------] Global test environment set-up.
[----------] 1 test from SamplerSkipTest
[ RUN      ] SamplerSkipTest.parreduce
KokkosP: Next library to call: /home/runner/work/kokkos-tools/kokkos-tools/build/debugging/kernel-logger/libkp_kernel_logger.so
KokkosP: Loading child library of sampler..
KokkosP: Kernel Logger Library Initialized (sequence is 1, version: 20240906)
KokkosP: Function Status:
KokkosP: begin-parallel-for:      yes
KokkosP: begin-parallel-scan:     yes
KokkosP: begin-parallel-reduce:   yes
KokkosP: end-parallel-for:        yes
KokkosP: end-parallel-scan:       yes
KokkosP: end-parallel-reduce:     yes
KokkosP: Seeding random number generator using clock for random sampling.
KokkosP: Sampling rate set to: 5
KokkosP: Executing parallel-reduce kernel on device 1 with unique execution identifier 0
KokkosP:     named kernel reduce
KokkosP: Execution of kernel 0 is completed.
KokkosP: Executing parallel-reduce kernel on device 1 with unique execution identifier 1
KokkosP:     named kernel reduce
KokkosP: Execution of kernel 1 is completed.
KokkosP: Kokkos library finalization called.
KokkosP: sample 6 calling child-begin function...
KokkosP: sample 6 finished with child-begin function.
KokkosP: sample 6 calling child-end function...
KokkosP: sample 6 finished with child-end function.
KokkosP: sample 12 calling child-begin function...
KokkosP: sample 12 finished with child-begin function.
KokkosP: sample 12 calling child-end function...
KokkosP: sample 12 finished with child-end function.

[       OK ] SamplerSkipTest.parreduce (0 ms)
[----------] 1 test from SamplerSkipTest (0 ms total)

[----------] Global test environment tear-down
[==========] 1 test from 1 test suite ran. (0 ms total)
[  PASSED  ] 1 test.
<end of output>
Test time =   0.00 sec
----------------------------------------------------------
Test Passed.
"test_sampling_parreduce" end time: Mar 15 22:13 UTC
"test_sampling_parreduce" time elapsed: 00:00:00
----------------------------------------------------------

5/11 Testing: test_sampling_prob_parfor
5/11 Test: test_sampling_prob_parfor
Command: "/home/runner/work/kokkos-tools/kokkos-tools/build/tests/sampler/test_sampling_prob_parfor"
Directory: /home/runner/work/kokkos-tools/kokkos-tools/build/tests/sampler
"test_sampling_prob_parfor" start time: Mar 15 22:13 UTC
Output:
----------------------------------------------------------
[==========] Running 1 test from 1 test suite.
[----------] Global test environment set-up.
[----------] 1 test from SamplerProbTest
[ RUN      ] SamplerProbTest.parfor
KokkosP: Next library to call: /home/runner/work/kokkos-tools/kokkos-tools/build/debugging/kernel-logger/libkp_kernel_logger.so
KokkosP: Loading child library of sampler..
KokkosP: Kernel Logger Library Initialized (sequence is 1, version: 20240906)
KokkosP: Function Status:
KokkosP: begin-parallel-for:      yes
KokkosP: begin-parallel-scan:     yes
KokkosP: begin-parallel-reduce:   yes
KokkosP: end-parallel-for:        yes
KokkosP: end-parallel-scan:       yes
KokkosP: end-parallel-reduce:     yes
KokkosP: Seeding random number generator using seed 2 for random sampling.
KokkosP: Probability for the sampler set to: 51.6
KokkosP: Executing parallel-for kernel on device 1 with unique execution identifier 0
KokkosP:     named kernel
KokkosP: Execution of kernel 0 is completed.
KokkosP: Executing parallel-for kernel on device 1 with unique execution identifier 1
KokkosP:     named kernel
KokkosP: Execution of kernel 1 is completed.
KokkosP: Executing parallel-for kernel on device 1 with unique execution identifier 2
KokkosP:     named kernel
KokkosP: Execution of kernel 2 is completed.
KokkosP: Executing parallel-for kernel on device 1 with unique execution identifier 3
KokkosP:     named kernel
KokkosP: Execution of kernel 3 is completed.
KokkosP: Executing parallel-for kernel on device 1 with unique execution identifier 4
KokkosP:     named kernel
KokkosP: Execution of kernel 4 is completed.
KokkosP: Executing parallel-for kernel on device 1 with unique execution identifier 5
KokkosP:     named kernel
KokkosP: Execution of kernel 5 is completed.
KokkosP: Executing parallel-for kernel on device 1 with unique execution identifier 6
KokkosP:     named kernel
KokkosP: Execution of kernel 6 is completed.
KokkosP: Executing parallel-for kernel on device 1 with unique execution identifier 7
KokkosP:     named kernel
KokkosP: Execution of kernel 7 is completed.
KokkosP: Kokkos library finalization called.
KokkosP: sample 3 calling child-begin function...
KokkosP: sample 3 finished with child-begin function.
KokkosP: sample 3 calling child-end function...
KokkosP: sample 3 finished with child-end function.
KokkosP: sample 4 calling child-begin function...
KokkosP: sample 4 finished with child-begin function.
KokkosP: sample 4 calling child-end function...
KokkosP: sample 4 finished with child-end function.
KokkosP: sample 5 calling child-begin function...
KokkosP: sample 5 finished with child-begin function.
KokkosP: sample 5 calling child-end function...
KokkosP: sample 5 finished with child-end function.
KokkosP: sample 6 calling child-begin function...
KokkosP: sample 6 finished with child-begin function.
KokkosP: sample 6 calling child-end function...
KokkosP: sample 6 finished with child-end function.
KokkosP: sample 8 calling child-begin function...
KokkosP: sample 8 finished with child-begin function.
KokkosP: sample 8 calling child-end function...
KokkosP: sample 8 finished with child-end function.
KokkosP: sample 12 calling child-begin function...
KokkosP: sample 12 finished with child-begin function.
KokkosP: sample 12 calling child-end function...
KokkosP: sample 12 finished with child-end function.
KokkosP: sample 13 calling child-begin function...
KokkosP: sample 13 finished with child-begin function.
KokkosP: sample 13 calling child-end function...
KokkosP: sample 13 finished with child-end function.
KokkosP: sample 14 calling child-begin function...
KokkosP: sample 14 finished with child-begin function.
KokkosP: sample 14 calling child-end function...
KokkosP: sample 14 finished with child-end function.

[       OK ] SamplerProbTest.parfor (0 ms)
[----------] 1 test from SamplerProbTest (0 ms total)

[----------] Global test environment tear-down
[==========] 1 test from 1 test suite ran. (0 ms total)
[  PASSED  ] 1 test.
<end of output>
Test time =   0.00 sec
----------------------------------------------------------
Test Passed.
"test_sampling_prob_parfor" end time: Mar 15 22:13 UTC
"test_sampling_prob_parfor" time elapsed: 00:00:00
----------------------------------------------------------

6/11 Testing: test_sampling_prob_parscan
6/11 Test: test_sampling_prob_parscan
Command: "/home/runner/work/kokkos-tools/kokkos-tools/build/tests/sampler/test_sampling_prob_parscan"
Directory: /home/runner/work/kokkos-tools/kokkos-tools/build/tests/sampler
"test_sampling_prob_parscan" start time: Mar 15 22:13 UTC
Output:
----------------------------------------------------------
[==========] Running 1 test from 1 test suite.
[----------] Global test environment set-up.
[----------] 1 test from SamplerProbTest
[ RUN      ] SamplerProbTest.parscan
KokkosP: Next library to call: /home/runner/work/kokkos-tools/kokkos-tools/build/debugging/kernel-logger/libkp_kernel_logger.so
KokkosP: Loading child library of sampler..
KokkosP: Kernel Logger Library Initialized (sequence is 1, version: 20240906)
KokkosP: Function Status:
KokkosP: begin-parallel-for:      yes
KokkosP: begin-parallel-scan:     yes
KokkosP: begin-parallel-reduce:   yes
KokkosP: end-parallel-for:        yes
KokkosP: end-parallel-scan:       yes
KokkosP: end-parallel-reduce:     yes
KokkosP: Seeding random number generator using seed 2 for random sampling.
KokkosP: Probability for the sampler set to: 51.6
KokkosP: Executing parallel-scan kernel on device 1 with unique execution identifier 0
KokkosP:     named kernel scan
KokkosP: Execution of kernel 0 is completed.
KokkosP: Executing parallel-scan kernel on device 1 with unique execution identifier 1
KokkosP:     named kernel scan
KokkosP: Execution of kernel 1 is completed.
KokkosP: Executing parallel-scan kernel on device 1 with unique execution identifier 2
KokkosP:     named kernel scan
KokkosP: Execution of kernel 2 is completed.
KokkosP: Executing parallel-scan kernel on device 1 with unique execution identifier 3
KokkosP:     named kernel scan
KokkosP: Execution of kernel 3 is completed.
KokkosP: Executing parallel-scan kernel on device 1 with unique execution identifier 4
KokkosP:     named kernel scan
KokkosP: Execution of kernel 4 is completed.
KokkosP: Executing parallel-scan kernel on device 1 with unique execution identifier 5
KokkosP:     named kernel scan
KokkosP: Execution of kernel 5 is completed.
KokkosP: Executing parallel-scan kernel on device 1 with unique execution identifier 6
KokkosP:     named kernel scan
KokkosP: Execution of kernel 6 is completed.
KokkosP: Executing parallel-scan kernel on device 1 with unique execution identifier 7
KokkosP:     named kernel scan
KokkosP: Execution of kernel 7 is completed.
KokkosP: Kokkos library finalization called.
KokkosP: sample 3 calling child-begin function...
KokkosP: sample 3 finished with child-begin function.
KokkosP: sample 3 calling child-end function...
KokkosP: sample 3 finished with child-end function.
KokkosP: sample 4 calling child-begin function...
KokkosP: sample 4 finished with child-begin function.
KokkosP: sample 4 calling child-end function...
KokkosP: sample 4 finished with child-end function.
KokkosP: sample 5 calling child-begin function...
KokkosP: sample 5 finished with child-begin function.
KokkosP: sample 5 calling child-end function...
KokkosP: sample 5 finished with child-end function.
KokkosP: sample 6 calling child-begin function...
KokkosP: sample 6 finished with child-begin function.
KokkosP: sample 6 calling child-end function...
KokkosP: sample 6 finished with child-end function.
KokkosP: sample 8 calling child-begin function...
KokkosP: sample 8 finished with child-begin function.
KokkosP: sample 8 calling child-end function...
KokkosP: sample 8 finished with child-end function.
KokkosP: sample 12 calling child-begin function...
KokkosP: sample 12 finished with child-begin function.
KokkosP: sample 12 calling child-end function...
KokkosP: sample 12 finished with child-end function.
KokkosP: sample 13 calling child-begin function...
KokkosP: sample 13 finished with child-begin function.
KokkosP: sample 13 calling child-end function...
KokkosP: sample 13 finished with child-end function.
KokkosP: sample 14 calling child-begin function...
KokkosP: sample 14 finished with child-begin function.
KokkosP: sample 14 calling child-end function...
KokkosP: sample 14 finished with child-end function.

[       OK ] SamplerProbTest.parscan (0 ms)
[----------] 1 test from SamplerProbTest (0 ms total)

[----------] Global test environment tear-down
[==========] 1 test from 1 test suite ran. (0 ms total)
[  PASSED  ] 1 test.
<end of output>
Test time =   0.00 sec
----------------------------------------------------------
Test Passed.
"test_sampling_prob_parscan" end time: Mar 15 22:13 UTC
"test_sampling_prob_parscan" time elapsed: 00:00:00
----------------------------------------------------------

7/11 Testing: test_sampling_prob_parreduce
7/11 Test: test_sampling_prob_parreduce
Command: "/home/runner/work/kokkos-tools/kokkos-tools/build/tests/sampler/test_sampling_prob_parreduce"
Directory: /home/runner/work/kokkos-tools/kokkos-tools/build/tests/sampler
"test_sampling_prob_parreduce" start time: Mar 15 22:13 UTC
Output:
----------------------------------------------------------
[==========] Running 1 test from 1 test suite.
[----------] Global test environment set-up.
[----------] 1 test from SamplerProbTest
[ RUN      ] SamplerProbTest.parreduce
KokkosP: Next library to call: /home/runner/work/kokkos-tools/kokkos-tools/build/debugging/kernel-logger/libkp_kernel_logger.so
KokkosP: Loading child library of sampler..
KokkosP: Kernel Logger Library Initialized (sequence is 1, version: 20240906)
KokkosP: Function Status:
KokkosP: begin-parallel-for:      yes
KokkosP: begin-parallel-scan:     yes
KokkosP: begin-parallel-reduce:   yes
KokkosP: end-parallel-for:        yes
KokkosP: end-parallel-scan:       yes
KokkosP: end-parallel-reduce:     yes
KokkosP: Seeding random number generator using seed 2 for random sampling.
KokkosP: Probability for the sampler set to: 51.6
KokkosP: Executing parallel-reduce kernel on device 1 with unique execution identifier 0
KokkosP:     named kernel reduce
KokkosP: Execution of kernel 0 is completed.
KokkosP: Executing parallel-reduce kernel on device 1 with unique execution identifier 1
KokkosP:     named kernel reduce
KokkosP: Execution of kernel 1 is completed.
KokkosP: Executing parallel-reduce kernel on device 1 with unique execution identifier 2
KokkosP:     named kernel reduce
KokkosP: Execution of kernel 2 is completed.
KokkosP: Executing parallel-reduce kernel on device 1 with unique execution identifier 3
KokkosP:     named kernel reduce
KokkosP: Execution of kernel 3 is completed.
KokkosP: Executing parallel-reduce kernel on device 1 with unique execution identifier 4
KokkosP:     named kernel reduce
KokkosP: Execution of kernel 4 is completed.
KokkosP: Executing parallel-reduce kernel on device 1 with unique execution identifier 5
KokkosP:     named kernel reduce
KokkosP: Execution of kernel 5 is completed.
KokkosP: Executing parallel-reduce kernel on device 1 with unique execution identifier 6
KokkosP:     named kernel reduce
KokkosP: Execution of kernel 6 is completed.
KokkosP: Executing parallel-reduce kernel on device 1 with unique execution identifier 7
KokkosP:     named kernel reduce
KokkosP: Execution of kernel 7 is completed.
KokkosP: Kokkos library finalization called.
KokkosP: sample 3 calling child-begin function...
KokkosP: sample 3 finished with child-begin function.
KokkosP: sample 3 calling child-end function...
KokkosP: sample 3 finished with child-end function.
KokkosP: sample 4 calling child-begin function...
KokkosP: sample 4 finished with child-begin function.
KokkosP: sample 4 calling child-end function...
KokkosP: sample 4 finished with child-end function.
KokkosP: sample 5 calling child-begin function...
KokkosP: sample 5 finished with child-begin function.
KokkosP: sample 5 calling child-end function...
KokkosP: sample 5 finished with child-end function.
KokkosP: sample 6 calling child-begin function...
KokkosP: sample 6 finished with child-begin function.
KokkosP: sample 6 calling child-end function...
KokkosP: sample 6 finished with child-end function.
KokkosP: sample 8 calling child-begin function...
KokkosP: sample 8 finished with child-begin function.
KokkosP: sample 8 calling child-end function...
KokkosP: sample 8 finished with child-end function.
KokkosP: sample 12 calling child-begin function...
KokkosP: sample 12 finished with child-begin function.
KokkosP: sample 12 calling child-end function...
KokkosP: sample 12 finished with child-end function.
KokkosP: sample 13 calling child-begin function...
KokkosP: sample 13 finished with child-begin function.
KokkosP: sample 13 calling child-end function...
KokkosP: sample 13 finished with child-end function.
KokkosP: sample 14 calling child-begin function...
KokkosP: sample 14 finished with child-begin function.
KokkosP: sample 14 calling child-end function...
KokkosP: sample 14 finished with child-end function.

[       OK ] SamplerProbTest.parreduce (0 ms)
[----------] 1 test from SamplerProbTest (0 ms total)

[----------] Global test environment tear-down
[==========] 1 test from 1 test suite ran. (0 ms total)
[  PASSED  ] 1 test.
<end of output>
Test time =   0.00 sec
----------------------------------------------------------
Test Passed.
"test_sampling_prob_parreduce" end time: Mar 15 22:13 UTC
"test_sampling_prob_parreduce" time elapsed: 00:00:00
----------------------------------------------------------

8/11 Testing: test_sampling_prob_parfor_fence
8/11 Test: test_sampling_prob_parfor_fence
Command: "/home/runner/work/kokkos-tools/kokkos-tools/build/tests/sampler/test_sampling_prob_parfor_fence"
Directory: /home/runner/work/kokkos-tools/kokkos-tools/build/tests/sampler
"test_sampling_prob_parfor_fence" start time: Mar 15 22:13 UTC
Output:
----------------------------------------------------------
[==========] Running 1 test from 1 test suite.
[----------] Global test environment set-up.
[----------] 1 test from SamplerProbTest
[ RUN      ] SamplerProbTest.parfor
KokkosP: Next library to call: /home/runner/work/kokkos-tools/kokkos-tools/build/debugging/kernel-logger/libkp_kernel_logger.so
KokkosP: Loading child library of sampler..
KokkosP: Kernel Logger Library Initialized (sequence is 1, version: 20240906)
KokkosP: Function Status:
KokkosP: begin-parallel-for:      yes
KokkosP: begin-parallel-scan:     yes
KokkosP: begin-parallel-reduce:   yes
KokkosP: end-parallel-for:        yes
KokkosP: end-parallel-scan:       yes
KokkosP: end-parallel-reduce:     yes
KokkosP: Seeding random number generator using seed 2 for random sampling.
KokkosP: Probability for the sampler set to: 51.6
KokkosP: Executing parallel-for kernel on device 1 with unique execution identifier 0
KokkosP:     named kernel
KokkosP: Execution of kernel 0 is completed.
KokkosP: Executing parallel-for kernel on device 1 with unique execution identifier 1
KokkosP:     named kernel
KokkosP: Execution of kernel 1 is completed.
KokkosP: Executing parallel-for kernel on device 1 with unique execution identifier 2
KokkosP:     named kernel
KokkosP: Execution of kernel 2 is completed.
KokkosP: Executing parallel-for kernel on device 1 with unique execution identifier 3
KokkosP:     named kernel
KokkosP: Execution of kernel 3 is completed.
KokkosP: Executing parallel-for kernel on device 1 with unique execution identifier 4
KokkosP:     named kernel
KokkosP: Execution of kernel 4 is completed.
KokkosP: Executing parallel-for kernel on device 1 with unique execution identifier 5
KokkosP:     named kernel
KokkosP: Execution of kernel 5 is completed.
KokkosP: Executing parallel-for kernel on device 1 with unique execution identifier 6
KokkosP:     named kernel
KokkosP: Execution of kernel 6 is completed.
KokkosP: Executing parallel-for kernel on device 1 with unique execution identifier 7
KokkosP:     named kernel
KokkosP: Execution of kernel 7 is completed.
KokkosP: Kokkos library finalization called.
KokkosP: sample 3 calling child-begin function...
KokkosP: Sampler utility sucessfully invoked tool-induced fence on device 0.
KokkosP: sample 3 finished with child-begin function.
KokkosP: sample 3 calling child-end function...
KokkosP: Sampler utility sucessfully invoked tool-induced fence on device 0.
KokkosP: sample 3 finished with child-end function.
KokkosP: sample 4 calling child-begin function...
KokkosP: Sampler utility sucessfully invoked tool-induced fence on device 0.
KokkosP: sample 4 finished with child-begin function.
KokkosP: sample 4 calling child-end function...
KokkosP: Sampler utility sucessfully invoked tool-induced fence on device 0.
KokkosP: sample 4 finished with child-end function.
KokkosP: sample 5 calling child-begin function...
KokkosP: Sampler utility sucessfully invoked tool-induced fence on device 0.
KokkosP: sample 5 finished with child-begin function.
KokkosP: sample 5 calling child-end function...
KokkosP: Sampler utility sucessfully invoked tool-induced fence on device 0.
KokkosP: sample 5 finished with child-end function.
KokkosP: sample 6 calling child-begin function...
KokkosP: Sampler utility sucessfully invoked tool-induced fence on device 0.
KokkosP: sample 6 finished with child-begin function.
KokkosP: sample 6 calling child-end function...
KokkosP: Sampler utility sucessfully invoked tool-induced fence on device 0.
KokkosP: sample 6 finished with child-end function.
KokkosP: sample 8 calling child-begin function...
KokkosP: Sampler utility sucessfully invoked tool-induced fence on device 0.
KokkosP: sample 8 finished with child-begin function.
KokkosP: sample 8 calling child-end function...
KokkosP: Sampler utility sucessfully invoked tool-induced fence on device 0.
KokkosP: sample 8 finished with child-end function.
KokkosP: sample 12 calling child-begin function...
KokkosP: Sampler utility sucessfully invoked tool-induced fence on device 0.
KokkosP: sample 12 finished with child-begin function.
KokkosP: sample 12 calling child-end function...
KokkosP: Sampler utility sucessfully invoked tool-induced fence on device 0.
KokkosP: sample 12 finished with child-end function.
KokkosP: sample 13 calling child-begin function...
KokkosP: Sampler utility sucessfully invoked tool-induced fence on device 0.
KokkosP: sample 13 finished with child-begin function.
KokkosP: sample 13 calling child-end function...
KokkosP: Sampler utility sucessfully invoked tool-induced fence on device 0.
KokkosP: sample 13 finished with child-end function.
KokkosP: sample 14 calling child-begin function...
KokkosP: Sampler utility sucessfully invoked tool-induced fence on device 0.
KokkosP: sample 14 finished with child-begin function.
KokkosP: sample 14 calling child-end function...
KokkosP: Sampler utility sucessfully invoked tool-induced fence on device 0.
KokkosP: sample 14 finished with child-end function.

[       OK ] SamplerProbTest.parfor (0 ms)
[----------] 1 test from SamplerProbTest (0 ms total)

[----------] Global test environment tear-down
[==========] 1 test from 1 test suite ran. (0 ms total)
[  PASSED  ] 1 test.
<end of output>
Test time =   0.00 sec
----------------------------------------------------------
Test Passed.
"test_sampling_prob_parfor_fence" end time: Mar 15 22:13 UTC
"test_sampling_prob_parfor_fence" time elapsed: 00:00:00
----------------------------------------------------------

9/11 Testing: test_sampling_prob_parscan_fence
9/11 Test: test_sampling_prob_parscan_fence
Command: "/home/runner/work/kokkos-tools/kokkos-tools/build/tests/sampler/test_sampling_prob_parscan_fence"
Directory: /home/runner/work/kokkos-tools/kokkos-tools/build/tests/sampler
"test_sampling_prob_parscan_fence" start time: Mar 15 22:13 UTC
Output:
----------------------------------------------------------
[==========] Running 1 test from 1 test suite.
[----------] Global test environment set-up.
[----------] 1 test from SamplerProbTest
[ RUN      ] SamplerProbTest.parscan
KokkosP: Next library to call: /home/runner/work/kokkos-tools/kokkos-tools/build/debugging/kernel-logger/libkp_kernel_logger.so
KokkosP: Loading child library of sampler..
KokkosP: Kernel Logger Library Initialized (sequence is 1, version: 20240906)
KokkosP: Function Status:
KokkosP: begin-parallel-for:      yes
KokkosP: begin-parallel-scan:     yes
KokkosP: begin-parallel-reduce:   yes
KokkosP: end-parallel-for:        yes
KokkosP: end-parallel-scan:       yes
KokkosP: end-parallel-reduce:     yes
KokkosP: Seeding random number generator using seed 2 for random sampling.
KokkosP: Probability for the sampler set to: 51.6
KokkosP: Executing parallel-scan kernel on device 1 with unique execution identifier 0
KokkosP:     named kernel scan
KokkosP: Execution of kernel 0 is completed.
KokkosP: Executing parallel-scan kernel on device 1 with unique execution identifier 1
KokkosP:     named kernel scan
KokkosP: Execution of kernel 1 is completed.
KokkosP: Executing parallel-scan kernel on device 1 with unique execution identifier 2
KokkosP:     named kernel scan
KokkosP: Execution of kernel 2 is completed.
KokkosP: Executing parallel-scan kernel on device 1 with unique execution identifier 3
KokkosP:     named kernel scan
KokkosP: Execution of kernel 3 is completed.
KokkosP: Executing parallel-scan kernel on device 1 with unique execution identifier 4
KokkosP:     named kernel scan
KokkosP: Execution of kernel 4 is completed.
KokkosP: Executing parallel-scan kernel on device 1 with unique execution identifier 5
KokkosP:     named kernel scan
KokkosP: Execution of kernel 5 is completed.
KokkosP: Executing parallel-scan kernel on device 1 with unique execution identifier 6
KokkosP:     named kernel scan
KokkosP: Execution of kernel 6 is completed.
KokkosP: Executing parallel-scan kernel on device 1 with unique execution identifier 7
KokkosP:     named kernel scan
KokkosP: Execution of kernel 7 is completed.
KokkosP: Kokkos library finalization called.
KokkosP: sample 3 calling child-begin function...
KokkosP: Sampler utility sucessfully invoked tool-induced fence on device 0.
KokkosP: sample 3 finished with child-begin function.
KokkosP: sample 3 calling child-end function...
KokkosP: Sampler utility sucessfully invoked tool-induced fence on device 0.
KokkosP: sample 3 finished with child-end function.
KokkosP: sample 4 calling child-begin function...
KokkosP: Sampler utility sucessfully invoked tool-induced fence on device 0.
KokkosP: sample 4 finished with child-begin function.
KokkosP: sample 4 calling child-end function...
KokkosP: Sampler utility sucessfully invoked tool-induced fence on device 0.
KokkosP: sample 4 finished with child-end function.
KokkosP: sample 5 calling child-begin function...
KokkosP: Sampler utility sucessfully invoked tool-induced fence on device 0.
KokkosP: sample 5 finished with child-begin function.
KokkosP: sample 5 calling child-end function...
KokkosP: Sampler utility sucessfully invoked tool-induced fence on device 0.
KokkosP: sample 5 finished with child-end function.
KokkosP: sample 6 calling child-begin function...
KokkosP: Sampler utility sucessfully invoked tool-induced fence on device 0.
KokkosP: sample 6 finished with child-begin function.
KokkosP: sample 6 calling child-end function...
KokkosP: Sampler utility sucessfully invoked tool-induced fence on device 0.
KokkosP: sample 6 finished with child-end function.
KokkosP: sample 8 calling child-begin function...
KokkosP: Sampler utility sucessfully invoked tool-induced fence on device 0.
KokkosP: sample 8 finished with child-begin function.
KokkosP: sample 8 calling child-end function...
KokkosP: Sampler utility sucessfully invoked tool-induced fence on device 0.
KokkosP: sample 8 finished with child-end function.
KokkosP: sample 12 calling child-begin function...
KokkosP: Sampler utility sucessfully invoked tool-induced fence on device 0.
KokkosP: sample 12 finished with child-begin function.
KokkosP: sample 12 calling child-end function...
KokkosP: Sampler utility sucessfully invoked tool-induced fence on device 0.
KokkosP: sample 12 finished with child-end function.
KokkosP: sample 13 calling child-begin function...
KokkosP: Sampler utility sucessfully invoked tool-induced fence on device 0.
KokkosP: sample 13 finished with child-begin function.
KokkosP: sample 13 calling child-end function...
KokkosP: Sampler utility sucessfully invoked tool-induced fence on device 0.
KokkosP: sample 13 finished with child-end function.
KokkosP: sample 14 calling child-begin function...
KokkosP: Sampler utility sucessfully invoked tool-induced fence on device 0.
KokkosP: sample 14 finished with child-begin function.
KokkosP: sample 14 calling child-end function...
KokkosP: Sampler utility sucessfully invoked tool-induced fence on device 0.
KokkosP: sample 14 finished with child-end function.

[       OK ] SamplerProbTest.parscan (0 ms)
[----------] 1 test from SamplerProbTest (0 ms total)

[----------] Global test environment tear-down
[==========] 1 test from 1 test suite ran. (0 ms total)
[  PASSED  ] 1 test.
<end of output>
Test time =   0.00 sec
----------------------------------------------------------
Test Passed.
"test_sampling_prob_parscan_fence" end time: Mar 15 22:13 UTC
"test_sampling_prob_parscan_fence" time elapsed: 00:00:00
----------------------------------------------------------

10/11 Testing: test_sampling_prob_parreduce_fence
10/11 Test: test_sampling_prob_parreduce_fence
Command: "/home/runner/work/kokkos-tools/kokkos-tools/build/tests/sampler/test_sampling_prob_parreduce_fence"
Directory: /home/runner/work/kokkos-tools/kokkos-tools/build/tests/sampler
"test_sampling_prob_parreduce_fence" start time: Mar 15 22:13 UTC
Output:
----------------------------------------------------------
[==========] Running 1 test from 1 test suite.
[----------] Global test environment set-up.
[----------] 1 test from SamplerProbTest
[ RUN      ] SamplerProbTest.parreduce
KokkosP: Next library to call: /home/runner/work/kokkos-tools/kokkos-tools/build/debugging/kernel-logger/libkp_kernel_logger.so
KokkosP: Loading child library of sampler..
KokkosP: Kernel Logger Library Initialized (sequence is 1, version: 20240906)
KokkosP: Function Status:
KokkosP: begin-parallel-for:      yes
KokkosP: begin-parallel-scan:     yes
KokkosP: begin-parallel-reduce:   yes
KokkosP: end-parallel-for:        yes
KokkosP: end-parallel-scan:       yes
KokkosP: end-parallel-reduce:     yes
KokkosP: Seeding random number generator using seed 2 for random sampling.
KokkosP: Probability for the sampler set to: 51.6
KokkosP: Executing parallel-reduce kernel on device 1 with unique execution identifier 0
KokkosP:     named kernel reduce
KokkosP: Execution of kernel 0 is completed.
KokkosP: Executing parallel-reduce kernel on device 1 with unique execution identifier 1
KokkosP:     named kernel reduce
KokkosP: Execution of kernel 1 is completed.
KokkosP: Executing parallel-reduce kernel on device 1 with unique execution identifier 2
KokkosP:     named kernel reduce
KokkosP: Execution of kernel 2 is completed.
KokkosP: Executing parallel-reduce kernel on device 1 with unique execution identifier 3
KokkosP:     named kernel reduce
KokkosP: Execution of kernel 3 is completed.
KokkosP: Executing parallel-reduce kernel on device 1 with unique execution identifier 4
KokkosP:     named kernel reduce
KokkosP: Execution of kernel 4 is completed.
KokkosP: Executing parallel-reduce kernel on device 1 with unique execution identifier 5
KokkosP:     named kernel reduce
KokkosP: Execution of kernel 5 is completed.
KokkosP: Executing parallel-reduce kernel on device 1 with unique execution identifier 6
KokkosP:     named kernel reduce
KokkosP: Execution of kernel 6 is completed.
KokkosP: Executing parallel-reduce kernel on device 1 with unique execution identifier 7
KokkosP:     named kernel reduce
KokkosP: Execution of kernel 7 is completed.
KokkosP: Kokkos library finalization called.
KokkosP: sample 3 calling child-begin function...
KokkosP: Sampler utility sucessfully invoked tool-induced fence on device 0.
KokkosP: sample 3 finished with child-begin function.
KokkosP: sample 3 calling child-end function...
KokkosP: Sampler utility sucessfully invoked tool-induced fence on device 0.
KokkosP: sample 3 finished with child-end function.
KokkosP: sample 4 calling child-begin function...
KokkosP: Sampler utility sucessfully invoked tool-induced fence on device 0.
KokkosP: sample 4 finished with child-begin function.
KokkosP: sample 4 calling child-end function...
KokkosP: Sampler utility sucessfully invoked tool-induced fence on device 0.
KokkosP: sample 4 finished with child-end function.
KokkosP: sample 5 calling child-begin function...
KokkosP: Sampler utility sucessfully invoked tool-induced fence on device 0.
KokkosP: sample 5 finished with child-begin function.
KokkosP: sample 5 calling child-end function...
KokkosP: Sampler utility sucessfully invoked tool-induced fence on device 0.
KokkosP: sample 5 finished with child-end function.
KokkosP: sample 6 calling child-begin function...
KokkosP: Sampler utility sucessfully invoked tool-induced fence on device 0.
KokkosP: sample 6 finished with child-begin function.
KokkosP: sample 6 calling child-end function...
KokkosP: Sampler utility sucessfully invoked tool-induced fence on device 0.
KokkosP: sample 6 finished with child-end function.
KokkosP: sample 8 calling child-begin function...
KokkosP: Sampler utility sucessfully invoked tool-induced fence on device 0.
KokkosP: sample 8 finished with child-begin function.
KokkosP: sample 8 calling child-end function...
KokkosP: Sampler utility sucessfully invoked tool-induced fence on device 0.
KokkosP: sample 8 finished with child-end function.
KokkosP: sample 12 calling child-begin function...
KokkosP: Sampler utility sucessfully invoked tool-induced fence on device 0.
KokkosP: sample 12 finished with child-begin function.
KokkosP: sample 12 calling child-end function...
KokkosP: Sampler utility sucessfully invoked tool-induced fence on device 0.
KokkosP: sample 12 finished with child-end function.
KokkosP: sample 13 calling child-begin function...
KokkosP: Sampler utility sucessfully invoked tool-induced fence on device 0.
KokkosP: sample 13 finished with child-begin function.
KokkosP: sample 13 calling child-end function...
KokkosP: Sampler utility sucessfully invoked tool-induced fence on device 0.
KokkosP: sample 13 finished with child-end function.
KokkosP: sample 14 calling child-begin function...
KokkosP: Sampler utility sucessfully invoked tool-induced fence on device 0.
KokkosP: sample 14 finished with child-begin function.
KokkosP: sample 14 calling child-end function...
KokkosP: Sampler utility sucessfully invoked tool-induced fence on device 0.
KokkosP: sample 14 finished with child-end function.

[       OK ] SamplerProbTest.parreduce (0 ms)
[----------] 1 test from SamplerProbTest (0 ms total)

[----------] Global test environment tear-down
[==========] 1 test from 1 test suite ran. (0 ms total)
[  PASSED  ] 1 test.
<end of output>
Test time =   0.00 sec
----------------------------------------------------------
Test Passed.
"test_sampling_prob_parreduce_fence" end time: Mar 15 22:13 UTC
"test_sampling_prob_parreduce_fence" time elapsed: 00:00:00
----------------------------------------------------------

11/11 Testing: test_simple_kernel_timer
11/11 Test: test_simple_kernel_timer
Command: "/home/runner/work/kokkos-tools/kokkos-tools/build/tests/sampler/test_simple_kernel_timer"
Directory: /home/runner/work/kokkos-tools/kokkos-tools/build/tests/sampler
"test_simple_kernel_timer" start time: Mar 15 22:13 UTC
Output:
----------------------------------------------------------
[==========] Running 7 tests from 1 test suite.
[----------] Global test environment set-up.
[----------] 7 tests from SimpleKernelTimer_DeathTest
[ RUN      ] SimpleKernelTimer_DeathTest.parfor
[       OK ] SimpleKernelTimer_DeathTest.parfor (2 ms)
[ RUN      ] SimpleKernelTimer_DeathTest.parreduce
[       OK ] SimpleKernelTimer_DeathTest.parreduce (2 ms)
[ RUN      ] SimpleKernelTimer_DeathTest.parscan
[       OK ] SimpleKernelTimer_DeathTest.parscan (2 ms)
[ RUN      ] SimpleKernelTimer_DeathTest.region
[       OK ] SimpleKernelTimer_DeathTest.region (2 ms)
[ RUN      ] SimpleKernelTimer_DeathTest.parfor_region
[       OK ] SimpleKernelTimer_DeathTest.parfor_region (2 ms)
[ RUN      ] SimpleKernelTimer_DeathTest.parreduce_region
[       OK ] SimpleKernelTimer_DeathTest.parreduce_region (2 ms)
[ RUN      ] SimpleKernelTimer_DeathTest.parscan_region
[       OK ] SimpleKernelTimer_DeathTest.parscan_region (2 ms)
[----------] 7 tests from SimpleKernelTimer_DeathTest (17 ms total)

[----------] Global test environment tear-down
[==========] 7 tests from 1 test suite ran. (17 ms total)
[  PASSED  ] 7 tests.
<end of output>
Test time =   0.02 sec
----------------------------------------------------------
Test Passed.
"test_simple_kernel_timer" end time: Mar 15 22:13 UTC
"test_simple_kernel_timer" time elapsed: 00:00:00
----------------------------------------------------------

End testing: Mar 15 22:13 UTC
